# JRE version: 7.0_11-b21
# Java VM: Java HotSpot(TM) 64-Bit Server VM (23.6-b04 mixed mode windows-amd64 compressed oops)
Heap
 PSYoungGen      total 84032K, used 36303K [0x00000000fa000000, 0x0000000100000000, 0x0000000100000000)
  eden space 72576K, 34% used [0x00000000fa000000,0x00000000fb844f00,0x00000000fe6e0000)
  from space 11456K, 99% used [0x00000000fe6e0000,0x00000000ff20efe8,0x00000000ff210000)
  to   space 14208K, 0% used [0x00000000ff220000,0x00000000ff220000,0x0000000100000000)
 ParOldGen       total 71360K, used 34243K [0x00000000e8000000, 0x00000000ec5b0000, 0x00000000fa000000)
  object space 71360K, 47% used [0x00000000e8000000,0x00000000ea170f70,0x00000000ec5b0000)
 PSPermGen       total 81984K, used 58080K [0x00000000e0000000, 0x00000000e5010000, 0x00000000e8000000)
  object space 81984K, 70% used [0x00000000e0000000,0x00000000e38b8378,0x00000000e5010000)
GC Heap History (10 events):
Event: 4.592 GC heap before
{Heap before GC invocations=16 (full 1):
 PSYoungGen      total 86272K, used 3256K [0x00000000fa000000, 0x0000000100000000, 0x0000000100000000)
  eden space 75520K, 0% used [0x00000000fa000000,0x00000000fa000000,0x00000000fe9c0000)
  from space 10752K, 30% used [0x00000000fe9c0000,0x00000000fecee130,0x00000000ff440000)
  to   space 10432K, 0% used [0x00000000ff5d0000,0x00000000ff5d0000,0x0000000100000000)
 ParOldGen       total 69248K, used 66835K [0x00000000e8000000, 0x00000000ec3a0000, 0x00000000fa000000)
  object space 69248K, 96% used [0x00000000e8000000,0x00000000ec144ec0,0x00000000ec3a0000)
 PSPermGen       total 41024K, used 40855K [0x00000000e0000000, 0x00000000e2810000, 0x00000000e8000000)
  object space 41024K, 99% used [0x00000000e0000000,0x00000000e27e5ff8,0x00000000e2810000)
Event: 4.696 GC heap after
Heap after GC invocations=16 (full 1):
 PSYoungGen      total 86272K, used 0K [0x00000000fa000000, 0x0000000100000000, 0x0000000100000000)
  eden space 75520K, 0% used [0x00000000fa000000,0x00000000fa000000,0x00000000fe9c0000)
  from space 10752K, 0% used [0x00000000fe9c0000,0x00000000fe9c0000,0x00000000ff440000)
  to   space 10432K, 0% used [0x00000000ff5d0000,0x00000000ff5d0000,0x0000000100000000)
 ParOldGen       total 71360K, used 34235K [0x00000000e8000000, 0x00000000ec5b0000, 0x00000000fa000000)
  object space 71360K, 47% used [0x00000000e8000000,0x00000000ea16ef70,0x00000000ec5b0000)
 PSPermGen       total 81984K, used 40838K [0x00000000e0000000, 0x00000000e5010000, 0x00000000e8000000)
  object space 81984K, 49% used [0x00000000e0000000,0x00000000e27e1b28,0x00000000e5010000)
}
Event: 6.790 GC heap before
{Heap before GC invocations=17 (full 1):
 PSYoungGen      total 86272K, used 75520K [0x00000000fa000000, 0x0000000100000000, 0x0000000100000000)
  eden space 75520K, 100% used [0x00000000fa000000,0x00000000fe9c0000,0x00000000fe9c0000)
  from space 10752K, 0% used [0x00000000fe9c0000,0x00000000fe9c0000,0x00000000ff440000)
  to   space 10432K, 0% used [0x00000000ff5d0000,0x00000000ff5d0000,0x0000000100000000)
 ParOldGen       total 71360K, used 34235K [0x00000000e8000000, 0x00000000ec5b0000, 0x00000000fa000000)
  object space 71360K, 47% used [0x00000000e8000000,0x00000000ea16ef70,0x00000000ec5b0000)
 PSPermGen       total 81984K, used 43053K [0x00000000e0000000, 0x00000000e5010000, 0x00000000e8000000)
  object space 81984K, 52% used [0x00000000e0000000,0x00000000e2a0b788,0x00000000e5010000)
Event: 6.794 GC heap after
Heap after GC invocations=17 (full 1):
 PSYoungGen      total 86720K, used 5626K [0x00000000fa000000, 0x00000000fff30000, 0x0000000100000000)
  eden space 77120K, 0% used [0x00000000fa000000,0x00000000fa000000,0x00000000feb50000)
  from space 9600K, 58% used [0x00000000ff5d0000,0x00000000ffb4e9f0,0x00000000fff30000)
  to   space 10176K, 0% used [0x00000000feb50000,0x00000000feb50000,0x00000000ff540000)
 ParOldGen       total 71360K, used 34235K [0x00000000e8000000, 0x00000000ec5b0000, 0x00000000fa000000)
  object space 71360K, 47% used [0x00000000e8000000,0x00000000ea16ef70,0x00000000ec5b0000)
 PSPermGen       total 81984K, used 43053K [0x00000000e0000000, 0x00000000e5010000, 0x00000000e8000000)
  object space 81984K, 52% used [0x00000000e0000000,0x00000000e2a0b788,0x00000000e5010000)
}
Event: 7.292 GC heap before
{Heap before GC invocations=18 (full 1):
 PSYoungGen      total 86720K, used 82746K [0x00000000fa000000, 0x00000000fff30000, 0x0000000100000000)
  eden space 77120K, 100% used [0x00000000fa000000,0x00000000feb50000,0x00000000feb50000)
  from space 9600K, 58% used [0x00000000ff5d0000,0x00000000ffb4e9f0,0x00000000fff30000)
  to   space 10176K, 0% used [0x00000000feb50000,0x00000000feb50000,0x00000000ff540000)
 ParOldGen       total 71360K, used 34235K [0x00000000e8000000, 0x00000000ec5b0000, 0x00000000fa000000)
  object space 71360K, 47% used [0x00000000e8000000,0x00000000ea16ef70,0x00000000ec5b0000)
 PSPermGen       total 81984K, used 46510K [0x00000000e0000000, 0x00000000e5010000, 0x00000000e8000000)
  object space 81984K, 56% used [0x00000000e0000000,0x00000000e2d6bbc8,0x00000000e5010000)
Event: 7.299 GC heap after
Heap after GC invocations=18 (full 1):
 PSYoungGen      total 87104K, used 9971K [0x00000000fa000000, 0x0000000100000000, 0x0000000100000000)
  eden space 77120K, 0% used [0x00000000fa000000,0x00000000fa000000,0x00000000feb50000)
  from space 9984K, 99% used [0x00000000feb50000,0x00000000ff50ce18,0x00000000ff510000)
  to   space 11200K, 0% used [0x00000000ff510000,0x00000000ff510000,0x0000000100000000)
 ParOldGen       total 71360K, used 34243K [0x00000000e8000000, 0x00000000ec5b0000, 0x00000000fa000000)
  object space 71360K, 47% used [0x00000000e8000000,0x00000000ea170f70,0x00000000ec5b0000)
 PSPermGen       total 81984K, used 46510K [0x00000000e0000000, 0x00000000e5010000, 0x00000000e8000000)
  object space 81984K, 56% used [0x00000000e0000000,0x00000000e2d6bbc8,0x00000000e5010000)
}
Event: 7.596 GC heap before
{Heap before GC invocations=19 (full 1):
 PSYoungGen      total 87104K, used 87091K [0x00000000fa000000, 0x0000000100000000, 0x0000000100000000)
  eden space 77120K, 100% used [0x00000000fa000000,0x00000000feb50000,0x00000000feb50000)
  from space 9984K, 99% used [0x00000000feb50000,0x00000000ff50ce18,0x00000000ff510000)
  to   space 11200K, 0% used [0x00000000ff510000,0x00000000ff510000,0x0000000100000000)
 ParOldGen       total 71360K, used 34243K [0x00000000e8000000, 0x00000000ec5b0000, 0x00000000fa000000)
  object space 71360K, 47% used [0x00000000e8000000,0x00000000ea170f70,0x00000000ec5b0000)
 PSPermGen       total 81984K, used 50333K [0x00000000e0000000, 0x00000000e5010000, 0x00000000e8000000)
  object space 81984K, 61% used [0x00000000e0000000,0x00000000e31275e8,0x00000000e5010000)
Event: 7.601 GC heap after
Heap after GC invocations=19 (full 1):
 PSYoungGen      total 83776K, used 10519K [0x00000000fa000000, 0x0000000100000000, 0x0000000100000000)
  eden space 72576K, 0% used [0x00000000fa000000,0x00000000fa000000,0x00000000fe6e0000)
  from space 11200K, 93% used [0x00000000ff510000,0x00000000fff55cb0,0x0000000100000000)
  to   space 12864K, 0% used [0x00000000fe6e0000,0x00000000fe6e0000,0x00000000ff370000)
 ParOldGen       total 71360K, used 34243K [0x00000000e8000000, 0x00000000ec5b0000, 0x00000000fa000000)
  object space 71360K, 47% used [0x00000000e8000000,0x00000000ea170f70,0x00000000ec5b0000)
 PSPermGen       total 81984K, used 50333K [0x00000000e0000000, 0x00000000e5010000, 0x00000000e8000000)
  object space 81984K, 61% used [0x00000000e0000000,0x00000000e31275e8,0x00000000e5010000)
}
Event: 10.816 GC heap before
{Heap before GC invocations=20 (full 1):
 PSYoungGen      total 83776K, used 83095K [0x00000000fa000000, 0x0000000100000000, 0x0000000100000000)
  eden space 72576K, 100% used [0x00000000fa000000,0x00000000fe6e0000,0x00000000fe6e0000)
  from space 11200K, 93% used [0x00000000ff510000,0x00000000fff55cb0,0x0000000100000000)
  to   space 12864K, 0% used [0x00000000fe6e0000,0x00000000fe6e0000,0x00000000ff370000)
 ParOldGen       total 71360K, used 34243K [0x00000000e8000000, 0x00000000ec5b0000, 0x00000000fa000000)
  object space 71360K, 47% used [0x00000000e8000000,0x00000000ea170f70,0x00000000ec5b0000)
 PSPermGen       total 81984K, used 54124K [0x00000000e0000000, 0x00000000e5010000, 0x00000000e8000000)
  object space 81984K, 66% used [0x00000000e0000000,0x00000000e34db118,0x00000000e5010000)
Event: 10.824 GC heap after
Heap after GC invocations=20 (full 1):
 PSYoungGen      total 84032K, used 11451K [0x00000000fa000000, 0x0000000100000000, 0x0000000100000000)
  eden space 72576K, 0% used [0x00000000fa000000,0x00000000fa000000,0x00000000fe6e0000)
  from space 11456K, 99% used [0x00000000fe6e0000,0x00000000ff20efe8,0x00000000ff210000)
  to   space 14208K, 0% used [0x00000000ff220000,0x00000000ff220000,0x0000000100000000)
 ParOldGen       total 71360K, used 34243K [0x00000000e8000000, 0x00000000ec5b0000, 0x00000000fa000000)
  object space 71360K, 47% used [0x00000000e8000000,0x00000000ea170f70,0x00000000ec5b0000)
 PSPermGen       total 81984K, used 54124K [0x00000000e0000000, 0x00000000e5010000, 0x00000000e8000000)
  object space 81984K, 66% used [0x00000000e0000000,0x00000000e34db118,0x00000000e5010000)
}

